c:\projekti\limesdr--master\dttsp\x64\release\dttsp.bsc
c:\projekti\limesdr--master\dttsp\x64\release\am_demod.sbr
c:\projekti\limesdr--master\dttsp\x64\release\banal.sbr
c:\projekti\limesdr--master\dttsp\x64\release\bufvec.sbr
c:\projekti\limesdr--master\dttsp\x64\release\correctiq.sbr
c:\projekti\limesdr--master\dttsp\x64\release\cwtones.sbr
c:\projekti\limesdr--master\dttsp\x64\release\cxops.sbr
c:\projekti\limesdr--master\dttsp\x64\release\dcblock.sbr
c:\projekti\limesdr--master\dttsp\x64\release\diversity.sbr
c:\projekti\limesdr--master\dttsp\x64\release\dttspagc.sbr
c:\projekti\limesdr--master\dttsp\x64\release\filter.sbr
c:\projekti\limesdr--master\dttsp\x64\release\fm_demod.sbr
c:\projekti\limesdr--master\dttsp\x64\release\fm_stereo_decoder.sbr
c:\projekti\limesdr--master\dttsp\x64\release\graphiceq.sbr
c:\projekti\limesdr--master\dttsp\x64\release\hilbert.sbr
c:\projekti\limesdr--master\dttsp\x64\release\iirfilter.sbr
c:\projekti\limesdr--master\dttsp\x64\release\isoband.sbr
c:\projekti\limesdr--master\dttsp\x64\release\keyd.sbr
c:\projekti\limesdr--master\dttsp\x64\release\keyer.sbr
c:\projekti\limesdr--master\dttsp\x64\release\keyerio.sbr
c:\projekti\limesdr--master\dttsp\x64\release\lmadf.sbr
c:\projekti\limesdr--master\dttsp\x64\release\lmadf.obj
c:\projekti\limesdr--master\dttsp\x64\release\keyerio.obj
c:\projekti\limesdr--master\dttsp\x64\release\keyer.obj
c:\projekti\limesdr--master\dttsp\x64\release\keyd.obj
c:\projekti\limesdr--master\dttsp\x64\release\isoband.obj
c:\projekti\limesdr--master\dttsp\x64\release\iirfilter.obj
c:\projekti\limesdr--master\dttsp\x64\release\hilbert.obj
c:\projekti\limesdr--master\dttsp\x64\release\graphiceq.obj
c:\projekti\limesdr--master\dttsp\x64\release\fm_stereo_decoder.obj
c:\projekti\limesdr--master\dttsp\x64\release\fm_demod.obj
c:\projekti\limesdr--master\dttsp\x64\release\filter.obj
c:\projekti\limesdr--master\dttsp\x64\release\dttspagc.obj
c:\projekti\limesdr--master\dttsp\x64\release\diversity.obj
c:\projekti\limesdr--master\dttsp\x64\release\dcblock.obj
c:\projekti\limesdr--master\dttsp\x64\release\cxops.obj
c:\projekti\limesdr--master\dttsp\x64\release\cwtones.obj
c:\projekti\limesdr--master\dttsp\x64\release\correctiq.obj
c:\projekti\limesdr--master\dttsp\x64\release\bufvec.obj
c:\projekti\limesdr--master\dttsp\x64\release\banal.obj
c:\projekti\limesdr--master\dttsp\x64\release\am_demod.obj
c:\projekti\limesdr--master\dttsp\x64\release\meter.sbr
c:\projekti\limesdr--master\dttsp\x64\release\noiseblanker.sbr
c:\projekti\limesdr--master\dttsp\x64\release\oscillator.sbr
c:\projekti\limesdr--master\dttsp\x64\release\ovsv.sbr
c:\projekti\limesdr--master\dttsp\x64\release\resample.sbr
c:\projekti\limesdr--master\dttsp\x64\release\resamplef.sbr
c:\projekti\limesdr--master\dttsp\x64\release\ringb.sbr
c:\projekti\limesdr--master\dttsp\x64\release\sdr.sbr
c:\projekti\limesdr--master\dttsp\x64\release\sdrexport.sbr
c:\projekti\limesdr--master\dttsp\x64\release\spectrum.sbr
c:\projekti\limesdr--master\dttsp\x64\release\speechproc.sbr
c:\projekti\limesdr--master\dttsp\x64\release\splitfields.sbr
c:\projekti\limesdr--master\dttsp\x64\release\spottone.sbr
c:\projekti\limesdr--master\dttsp\x64\release\update.sbr
c:\projekti\limesdr--master\dttsp\x64\release\window.sbr
c:\projekti\limesdr--master\dttsp\x64\release\winmain.sbr
c:\projekti\limesdr--master\dttsp\x64\release\wscompand.sbr
c:\projekti\limesdr--master\dttsp\x64\release\wscompand.obj
c:\projekti\limesdr--master\dttsp\x64\release\winmain.obj
c:\projekti\limesdr--master\dttsp\x64\release\window.obj
c:\projekti\limesdr--master\dttsp\x64\release\update.obj
c:\projekti\limesdr--master\dttsp\x64\release\spottone.obj
c:\projekti\limesdr--master\dttsp\x64\release\splitfields.obj
c:\projekti\limesdr--master\dttsp\x64\release\speechproc.obj
c:\projekti\limesdr--master\dttsp\x64\release\spectrum.obj
c:\projekti\limesdr--master\dttsp\x64\release\sdrexport.obj
c:\projekti\limesdr--master\dttsp\x64\release\sdr.obj
c:\projekti\limesdr--master\dttsp\x64\release\ringb.obj
c:\projekti\limesdr--master\dttsp\x64\release\resamplef.obj
c:\projekti\limesdr--master\dttsp\x64\release\resample.obj
c:\projekti\limesdr--master\dttsp\x64\release\ovsv.obj
c:\projekti\limesdr--master\dttsp\x64\release\oscillator.obj
c:\projekti\limesdr--master\dttsp\x64\release\noiseblanker.obj
c:\projekti\limesdr--master\dttsp\x64\release\meter.obj
c:\projekti\limesdr--master\dttsp\x64\release\fastrig.sbr
c:\projekti\limesdr--master\dttsp\x64\release\fastrig1.obj
c:\projekti\limesdr--master\dttsp\x64\release\dttsp.lib
c:\projekti\limesdr--master\dttsp\x64\release\dttsp.exp
c:\projekti\limesdr--master\dttsp\x64\release\dttsp.dll
c:\projekti\limesdr--master\dttsp\x64\release\dttsp.map
c:\projekti\limesdr--master\dttsp\x64\release\dttsp.pdb
c:\projekti\limesdr-\dttsp\x64\release\am_demod.obj
c:\projekti\limesdr-\dttsp\x64\release\banal.obj
c:\projekti\limesdr-\dttsp\x64\release\bufvec.obj
c:\projekti\limesdr-\dttsp\x64\release\correctiq.obj
c:\projekti\limesdr-\dttsp\x64\release\cwtones.obj
c:\projekti\limesdr-\dttsp\x64\release\cxops.obj
c:\projekti\limesdr-\dttsp\x64\release\dcblock.obj
c:\projekti\limesdr-\dttsp\x64\release\diversity.obj
c:\projekti\limesdr-\dttsp\x64\release\dttspagc.obj
c:\projekti\limesdr-\dttsp\x64\release\fastrig1.obj
c:\projekti\limesdr-\dttsp\x64\release\filter.obj
c:\projekti\limesdr-\dttsp\x64\release\fm_demod.obj
c:\projekti\limesdr-\dttsp\x64\release\fm_stereo_decoder.obj
c:\projekti\limesdr-\dttsp\x64\release\graphiceq.obj
c:\projekti\limesdr-\dttsp\x64\release\hilbert.obj
c:\projekti\limesdr-\dttsp\x64\release\iirfilter.obj
c:\projekti\limesdr-\dttsp\x64\release\isoband.obj
c:\projekti\limesdr-\dttsp\x64\release\keyd.obj
c:\projekti\limesdr-\dttsp\x64\release\keyer.obj
c:\projekti\limesdr-\dttsp\x64\release\keyerio.obj
c:\projekti\limesdr-\dttsp\x64\release\lmadf.obj
c:\projekti\limesdr-\dttsp\x64\release\meter.obj
c:\projekti\limesdr-\dttsp\x64\release\noiseblanker.obj
c:\projekti\limesdr-\dttsp\x64\release\oscillator.obj
c:\projekti\limesdr-\dttsp\x64\release\ovsv.obj
c:\projekti\limesdr-\dttsp\x64\release\resample.obj
c:\projekti\limesdr-\dttsp\x64\release\resamplef.obj
c:\projekti\limesdr-\dttsp\x64\release\ringb.obj
c:\projekti\limesdr-\dttsp\x64\release\sdr.obj
c:\projekti\limesdr-\dttsp\x64\release\sdrexport.obj
c:\projekti\limesdr-\dttsp\x64\release\spectrum.obj
c:\projekti\limesdr-\dttsp\x64\release\speechproc.obj
c:\projekti\limesdr-\dttsp\x64\release\splitfields.obj
c:\projekti\limesdr-\dttsp\x64\release\spottone.obj
c:\projekti\limesdr-\dttsp\x64\release\update.obj
c:\projekti\limesdr-\dttsp\x64\release\window.obj
c:\projekti\limesdr-\dttsp\x64\release\winmain.obj
c:\projekti\limesdr-\dttsp\x64\release\wscompand.obj
c:\projekti\limesdr-\dttsp\x64\release\dttsp.exp
c:\projekti\limesdr-\dttsp\x64\release\dttsp.pdb
c:\projekti\limesdr-\dttsp\x64\release\dttsp.bsc
c:\projekti\limesdr-\dttsp\x64\release\am_demod.sbr
c:\projekti\limesdr-\dttsp\x64\release\banal.sbr
c:\projekti\limesdr-\dttsp\x64\release\bufvec.sbr
c:\projekti\limesdr-\dttsp\x64\release\correctiq.sbr
c:\projekti\limesdr-\dttsp\x64\release\cwtones.sbr
c:\projekti\limesdr-\dttsp\x64\release\cxops.sbr
c:\projekti\limesdr-\dttsp\x64\release\dcblock.sbr
c:\projekti\limesdr-\dttsp\x64\release\diversity.sbr
c:\projekti\limesdr-\dttsp\x64\release\dttspagc.sbr
c:\projekti\limesdr-\dttsp\x64\release\fastrig.sbr
c:\projekti\limesdr-\dttsp\x64\release\filter.sbr
c:\projekti\limesdr-\dttsp\x64\release\fm_demod.sbr
c:\projekti\limesdr-\dttsp\x64\release\fm_stereo_decoder.sbr
c:\projekti\limesdr-\dttsp\x64\release\graphiceq.sbr
c:\projekti\limesdr-\dttsp\x64\release\hilbert.sbr
c:\projekti\limesdr-\dttsp\x64\release\iirfilter.sbr
c:\projekti\limesdr-\dttsp\x64\release\isoband.sbr
c:\projekti\limesdr-\dttsp\x64\release\keyd.sbr
c:\projekti\limesdr-\dttsp\x64\release\keyer.sbr
c:\projekti\limesdr-\dttsp\x64\release\keyerio.sbr
c:\projekti\limesdr-\dttsp\x64\release\lmadf.sbr
c:\projekti\limesdr-\dttsp\x64\release\meter.sbr
c:\projekti\limesdr-\dttsp\x64\release\noiseblanker.sbr
c:\projekti\limesdr-\dttsp\x64\release\oscillator.sbr
c:\projekti\limesdr-\dttsp\x64\release\ovsv.sbr
c:\projekti\limesdr-\dttsp\x64\release\resample.sbr
c:\projekti\limesdr-\dttsp\x64\release\resamplef.sbr
c:\projekti\limesdr-\dttsp\x64\release\ringb.sbr
c:\projekti\limesdr-\dttsp\x64\release\sdr.sbr
c:\projekti\limesdr-\dttsp\x64\release\sdrexport.sbr
c:\projekti\limesdr-\dttsp\x64\release\spectrum.sbr
c:\projekti\limesdr-\dttsp\x64\release\speechproc.sbr
c:\projekti\limesdr-\dttsp\x64\release\splitfields.sbr
c:\projekti\limesdr-\dttsp\x64\release\spottone.sbr
c:\projekti\limesdr-\dttsp\x64\release\update.sbr
c:\projekti\limesdr-\dttsp\x64\release\window.sbr
c:\projekti\limesdr-\dttsp\x64\release\winmain.sbr
c:\projekti\limesdr-\dttsp\x64\release\wscompand.sbr
c:\projekti\limesdr-\dttsp\x64\release\dttsp.dll
c:\projekti\limesdr-\dttsp\x64\release\dttsp.tlog\bscmake.command.1.tlog
c:\projekti\limesdr-\dttsp\x64\release\dttsp.tlog\bscmake.read.1.tlog
c:\projekti\limesdr-\dttsp\x64\release\dttsp.tlog\bscmake.write.1.tlog
c:\projekti\limesdr-\dttsp\x64\release\dttsp.tlog\cl.command.1.tlog
c:\projekti\limesdr-\dttsp\x64\release\dttsp.tlog\cl.read.1.tlog
c:\projekti\limesdr-\dttsp\x64\release\dttsp.tlog\cl.write.1.tlog
c:\projekti\limesdr-\dttsp\x64\release\dttsp.tlog\dttsp.write.1u.tlog
c:\projekti\limesdr-\dttsp\x64\release\dttsp.tlog\link.command.1.tlog
c:\projekti\limesdr-\dttsp\x64\release\dttsp.tlog\link.read.1.tlog
c:\projekti\limesdr-\dttsp\x64\release\dttsp.tlog\link.write.1.tlog
