c:\projekti\limesdr--master\dttsp\x64\debug\dttsp.bsc
c:\projekti\limesdr--master\dttsp\x64\debug\vc141.pdb
c:\projekti\limesdr--master\dttsp\x64\debug\am_demod.sbr
c:\projekti\limesdr--master\dttsp\x64\debug\banal.sbr
c:\projekti\limesdr--master\dttsp\x64\debug\bufvec.sbr
c:\projekti\limesdr--master\dttsp\x64\debug\correctiq.sbr
c:\projekti\limesdr--master\dttsp\x64\debug\cwtones.sbr
c:\projekti\limesdr--master\dttsp\x64\debug\cxops.sbr
c:\projekti\limesdr--master\dttsp\x64\debug\dcblock.sbr
c:\projekti\limesdr--master\dttsp\x64\debug\diversity.sbr
c:\projekti\limesdr--master\dttsp\x64\debug\dttspagc.sbr
c:\projekti\limesdr--master\dttsp\x64\debug\filter.sbr
c:\projekti\limesdr--master\dttsp\x64\debug\fm_demod.sbr
c:\projekti\limesdr--master\dttsp\x64\debug\fm_stereo_decoder.sbr
c:\projekti\limesdr--master\dttsp\x64\debug\graphiceq.sbr
c:\projekti\limesdr--master\dttsp\x64\debug\hilbert.sbr
c:\projekti\limesdr--master\dttsp\x64\debug\iirfilter.sbr
c:\projekti\limesdr--master\dttsp\x64\debug\isoband.sbr
c:\projekti\limesdr--master\dttsp\x64\debug\keyd.sbr
c:\projekti\limesdr--master\dttsp\x64\debug\keyer.sbr
c:\projekti\limesdr--master\dttsp\x64\debug\keyerio.sbr
c:\projekti\limesdr--master\dttsp\x64\debug\lmadf.sbr
c:\projekti\limesdr--master\dttsp\x64\debug\lmadf.obj
c:\projekti\limesdr--master\dttsp\x64\debug\keyerio.obj
c:\projekti\limesdr--master\dttsp\x64\debug\keyer.obj
c:\projekti\limesdr--master\dttsp\x64\debug\keyd.obj
c:\projekti\limesdr--master\dttsp\x64\debug\isoband.obj
c:\projekti\limesdr--master\dttsp\x64\debug\iirfilter.obj
c:\projekti\limesdr--master\dttsp\x64\debug\hilbert.obj
c:\projekti\limesdr--master\dttsp\x64\debug\graphiceq.obj
c:\projekti\limesdr--master\dttsp\x64\debug\fm_stereo_decoder.obj
c:\projekti\limesdr--master\dttsp\x64\debug\fm_demod.obj
c:\projekti\limesdr--master\dttsp\x64\debug\filter.obj
c:\projekti\limesdr--master\dttsp\x64\debug\dttspagc.obj
c:\projekti\limesdr--master\dttsp\x64\debug\diversity.obj
c:\projekti\limesdr--master\dttsp\x64\debug\dcblock.obj
c:\projekti\limesdr--master\dttsp\x64\debug\cxops.obj
c:\projekti\limesdr--master\dttsp\x64\debug\cwtones.obj
c:\projekti\limesdr--master\dttsp\x64\debug\correctiq.obj
c:\projekti\limesdr--master\dttsp\x64\debug\bufvec.obj
c:\projekti\limesdr--master\dttsp\x64\debug\banal.obj
c:\projekti\limesdr--master\dttsp\x64\debug\am_demod.obj
c:\projekti\limesdr--master\dttsp\x64\debug\meter.sbr
c:\projekti\limesdr--master\dttsp\x64\debug\noiseblanker.sbr
c:\projekti\limesdr--master\dttsp\x64\debug\oscillator.sbr
c:\projekti\limesdr--master\dttsp\x64\debug\ovsv.sbr
c:\projekti\limesdr--master\dttsp\x64\debug\resample.sbr
c:\projekti\limesdr--master\dttsp\x64\debug\resamplef.sbr
c:\projekti\limesdr--master\dttsp\x64\debug\ringb.sbr
c:\projekti\limesdr--master\dttsp\x64\debug\sdr.sbr
c:\projekti\limesdr--master\dttsp\x64\debug\sdrexport.sbr
c:\projekti\limesdr--master\dttsp\x64\debug\spectrum.sbr
c:\projekti\limesdr--master\dttsp\x64\debug\speechproc.sbr
c:\projekti\limesdr--master\dttsp\x64\debug\splitfields.sbr
c:\projekti\limesdr--master\dttsp\x64\debug\spottone.sbr
c:\projekti\limesdr--master\dttsp\x64\debug\update.sbr
c:\projekti\limesdr--master\dttsp\x64\debug\window.sbr
c:\projekti\limesdr--master\dttsp\x64\debug\winmain.sbr
c:\projekti\limesdr--master\dttsp\x64\debug\wscompand.sbr
c:\projekti\limesdr--master\dttsp\x64\debug\wscompand.obj
c:\projekti\limesdr--master\dttsp\x64\debug\winmain.obj
c:\projekti\limesdr--master\dttsp\x64\debug\window.obj
c:\projekti\limesdr--master\dttsp\x64\debug\update.obj
c:\projekti\limesdr--master\dttsp\x64\debug\spottone.obj
c:\projekti\limesdr--master\dttsp\x64\debug\splitfields.obj
c:\projekti\limesdr--master\dttsp\x64\debug\speechproc.obj
c:\projekti\limesdr--master\dttsp\x64\debug\spectrum.obj
c:\projekti\limesdr--master\dttsp\x64\debug\sdrexport.obj
c:\projekti\limesdr--master\dttsp\x64\debug\sdr.obj
c:\projekti\limesdr--master\dttsp\x64\debug\ringb.obj
c:\projekti\limesdr--master\dttsp\x64\debug\resamplef.obj
c:\projekti\limesdr--master\dttsp\x64\debug\resample.obj
c:\projekti\limesdr--master\dttsp\x64\debug\ovsv.obj
c:\projekti\limesdr--master\dttsp\x64\debug\oscillator.obj
c:\projekti\limesdr--master\dttsp\x64\debug\noiseblanker.obj
c:\projekti\limesdr--master\dttsp\x64\debug\meter.obj
c:\projekti\limesdr--master\dttsp\x64\debug\fastrig.sbr
c:\projekti\limesdr--master\dttsp\x64\debug\fastrig1.obj
c:\projekti\limesdr--master\dttsp\x64\debug\dttsp.lib
c:\projekti\limesdr--master\dttsp\x64\debug\dttsp.exp
c:\projekti\limesdr--master\dttsp\x64\debug\dttsp.dll
c:\projekti\limesdr--master\dttsp\x64\debug\dttsp.pdb
c:\projekti\limesdr--master\dttsp\x64\debug\dttsp.tlog\bscmake.command.1.tlog
c:\projekti\limesdr--master\dttsp\x64\debug\dttsp.tlog\bscmake.read.1.tlog
c:\projekti\limesdr--master\dttsp\x64\debug\dttsp.tlog\bscmake.write.1.tlog
c:\projekti\limesdr--master\dttsp\x64\debug\dttsp.tlog\cl.command.1.tlog
c:\projekti\limesdr--master\dttsp\x64\debug\dttsp.tlog\cl.read.1.tlog
c:\projekti\limesdr--master\dttsp\x64\debug\dttsp.tlog\cl.write.1.tlog
c:\projekti\limesdr--master\dttsp\x64\debug\dttsp.tlog\dttsp.write.1u.tlog
c:\projekti\limesdr--master\dttsp\x64\debug\dttsp.tlog\link.command.1.tlog
c:\projekti\limesdr--master\dttsp\x64\debug\dttsp.tlog\link.read.1.tlog
c:\projekti\limesdr--master\dttsp\x64\debug\dttsp.tlog\link.write.1.tlog
